# JRE version: OpenJDK Runtime Environment (17.0.6) (build 17.0.6+0-b2043.56-10027231)
# Java VM: OpenJDK 64-Bit Server VM (17.0.6+0-b2043.56-10027231, mixed mode, tiered, compressed oops, compressed class ptrs, g1 gc, windows-amd64)
GC Precious Log:
 CPUs: 16 total, 16 available
 Memory: 7563M
 Large Page Support: Disabled
 NUMA Support: Disabled
 Compressed Oops: Enabled (32-bit)
 Heap Region Size: 1M
 Heap Min Capacity: 8M
 Heap Initial Capacity: 120M
 Heap Max Capacity: 2G
 Pre-touch: Disabled
 Parallel Workers: 13
 Concurrent Workers: 3
 Concurrent Refinement Workers: 13
 Periodic GC: Disabled
Heap:
 garbage-first heap   total 318464K, used 183397K [0x0000000080000000, 0x0000000100000000)
  region size 1024K, 18 young (18432K), 5 survivors (5120K)
 Metaspace       used 119935K, committed 120704K, reserved 1155072K
  class space    used 15755K, committed 16128K, reserved 1048576K
GC Heap History (20 events):
Event: 55.014 GC heap before
{Heap before GC invocations=55 (full 0):
 garbage-first heap   total 318464K, used 231536K [0x0000000080000000, 0x0000000100000000)
  region size 1024K, 88 young (90112K), 16 survivors (16384K)
 Metaspace       used 115481K, committed 116288K, reserved 1155072K
  class space    used 15317K, committed 15680K, reserved 1048576K
}
Event: 55.025 GC heap after
{Heap after GC invocations=56 (full 0):
 garbage-first heap   total 318464K, used 165222K [0x0000000080000000, 0x0000000100000000)
  region size 1024K, 6 young (6144K), 6 survivors (6144K)
 Metaspace       used 115481K, committed 116288K, reserved 1155072K
  class space    used 15317K, committed 15680K, reserved 1048576K
}
Event: 55.259 GC heap before
{Heap before GC invocations=57 (full 0):
 garbage-first heap   total 318464K, used 265574K [0x0000000080000000, 0x0000000100000000)
  region size 1024K, 102 young (104448K), 6 survivors (6144K)
 Metaspace       used 115429K, committed 116288K, reserved 1155072K
  class space    used 15302K, committed 15680K, reserved 1048576K
}
Event: 55.264 GC heap after
{Heap after GC invocations=58 (full 0):
 garbage-first heap   total 318464K, used 168123K [0x0000000080000000, 0x0000000100000000)
  region size 1024K, 7 young (7168K), 7 survivors (7168K)
 Metaspace       used 115429K, committed 116288K, reserved 1155072K
  class space    used 15302K, committed 15680K, reserved 1048576K
}
Event: 55.275 GC heap before
{Heap before GC invocations=58 (full 0):
 garbage-first heap   total 318464K, used 175291K [0x0000000080000000, 0x0000000100000000)
  region size 1024K, 15 young (15360K), 7 survivors (7168K)
 Metaspace       used 115429K, committed 116288K, reserved 1155072K
  class space    used 15302K, committed 15680K, reserved 1048576K
}
Event: 55.279 GC heap after
{Heap after GC invocations=59 (full 0):
 garbage-first heap   total 318464K, used 165888K [0x0000000080000000, 0x0000000100000000)
  region size 1024K, 1 young (1024K), 1 survivors (1024K)
 Metaspace       used 115429K, committed 116288K, reserved 1155072K
  class space    used 15302K, committed 15680K, reserved 1048576K
}
Event: 55.489 GC heap before
{Heap before GC invocations=59 (full 0):
 garbage-first heap   total 318464K, used 200704K [0x0000000080000000, 0x0000000100000000)
  region size 1024K, 36 young (36864K), 1 survivors (1024K)
 Metaspace       used 115455K, committed 116288K, reserved 1155072K
  class space    used 15307K, committed 15680K, reserved 1048576K
}
Event: 55.491 GC heap after
{Heap after GC invocations=60 (full 0):
 garbage-first heap   total 318464K, used 163688K [0x0000000080000000, 0x0000000100000000)
  region size 1024K, 1 young (1024K), 1 survivors (1024K)
 Metaspace       used 115455K, committed 116288K, reserved 1155072K
  class space    used 15307K, committed 15680K, reserved 1048576K
}
Event: 55.941 GC heap before
{Heap before GC invocations=61 (full 0):
 garbage-first heap   total 318464K, used 269160K [0x0000000080000000, 0x0000000100000000)
  region size 1024K, 102 young (104448K), 1 survivors (1024K)
 Metaspace       used 115753K, committed 116544K, reserved 1155072K
  class space    used 15329K, committed 15680K, reserved 1048576K
}
Event: 55.943 GC heap after
{Heap after GC invocations=62 (full 0):
 garbage-first heap   total 318464K, used 168160K [0x0000000080000000, 0x0000000100000000)
  region size 1024K, 4 young (4096K), 4 survivors (4096K)
 Metaspace       used 115753K, committed 116544K, reserved 1155072K
  class space    used 15329K, committed 15680K, reserved 1048576K
}
Event: 55.984 GC heap before
{Heap before GC invocations=62 (full 0):
 garbage-first heap   total 318464K, used 179424K [0x0000000080000000, 0x0000000100000000)
  region size 1024K, 15 young (15360K), 4 survivors (4096K)
 Metaspace       used 115753K, committed 116544K, reserved 1155072K
  class space    used 15329K, committed 15680K, reserved 1048576K
}
Event: 55.987 GC heap after
{Heap after GC invocations=63 (full 0):
 garbage-first heap   total 318464K, used 165999K [0x0000000080000000, 0x0000000100000000)
  region size 1024K, 1 young (1024K), 1 survivors (1024K)
 Metaspace       used 115753K, committed 116544K, reserved 1155072K
  class space    used 15329K, committed 15680K, reserved 1048576K
}
Event: 56.282 GC heap before
{Heap before GC invocations=63 (full 0):
 garbage-first heap   total 318464K, used 267375K [0x0000000080000000, 0x0000000100000000)
  region size 1024K, 100 young (102400K), 1 survivors (1024K)
 Metaspace       used 115771K, committed 116544K, reserved 1155072K
  class space    used 15331K, committed 15680K, reserved 1048576K
}
Event: 56.284 GC heap after
{Heap after GC invocations=64 (full 0):
 garbage-first heap   total 318464K, used 165909K [0x0000000080000000, 0x0000000100000000)
  region size 1024K, 1 young (1024K), 1 survivors (1024K)
 Metaspace       used 115771K, committed 116544K, reserved 1155072K
  class space    used 15331K, committed 15680K, reserved 1048576K
}
Event: 57.708 GC heap before
{Heap before GC invocations=65 (full 0):
 garbage-first heap   total 318464K, used 268309K [0x0000000080000000, 0x0000000100000000)
  region size 1024K, 102 young (104448K), 1 survivors (1024K)
 Metaspace       used 119217K, committed 119936K, reserved 1155072K
  class space    used 15715K, committed 16064K, reserved 1048576K
}
Event: 57.715 GC heap after
{Heap after GC invocations=66 (full 0):
 garbage-first heap   total 318464K, used 170724K [0x0000000080000000, 0x0000000100000000)
  region size 1024K, 8 young (8192K), 8 survivors (8192K)
 Metaspace       used 119217K, committed 119936K, reserved 1155072K
  class space    used 15715K, committed 16064K, reserved 1048576K
}
Event: 57.763 GC heap before
{Heap before GC invocations=66 (full 0):
 garbage-first heap   total 318464K, used 176868K [0x0000000080000000, 0x0000000100000000)
  region size 1024K, 15 young (15360K), 8 survivors (8192K)
 Metaspace       used 119236K, committed 120000K, reserved 1155072K
  class space    used 15715K, committed 16064K, reserved 1048576K
}
Event: 57.769 GC heap after
{Heap after GC invocations=67 (full 0):
 garbage-first heap   total 318464K, used 169010K [0x0000000080000000, 0x0000000100000000)
  region size 1024K, 2 young (2048K), 2 survivors (2048K)
 Metaspace       used 119236K, committed 120000K, reserved 1155072K
  class space    used 15715K, committed 16064K, reserved 1048576K
}
Event: 59.261 GC heap before
{Heap before GC invocations=67 (full 0):
 garbage-first heap   total 318464K, used 268338K [0x0000000080000000, 0x0000000100000000)
  region size 1024K, 100 young (102400K), 2 survivors (2048K)
 Metaspace       used 119728K, committed 120512K, reserved 1155072K
  class space    used 15754K, committed 16128K, reserved 1048576K
}
Event: 59.265 GC heap after
{Heap after GC invocations=68 (full 0):
 garbage-first heap   total 318464K, used 172133K [0x0000000080000000, 0x0000000100000000)
  region size 1024K, 5 young (5120K), 5 survivors (5120K)
 Metaspace       used 119728K, committed 120512K, reserved 1155072K
  class space    used 15754K, committed 16128K, reserved 1048576K
}

